<?xml version="1.0" encoding="UTF-8"?>
<testng-results ignored="0" total="2" passed="2" failed="0" skipped="0">
  <reporter-output>
  </reporter-output>
  <suite started-at="2024-02-01T15:25:19 IST" name="Default suite" finished-at="2024-02-01T15:25:20 IST" duration-ms="1439">
    <groups>
    </groups>
    <test started-at="2024-02-01T15:25:19 IST" name="Default test" finished-at="2024-02-01T15:25:20 IST" duration-ms="1439">
      <class name="com.qa.test.GetAPITest">
        <test-method is-config="true" signature="SetUp()[pri:0, instance:com.qa.test.GetAPITest@67f639d3]" started-at="2024-02-01T15:25:19 IST" name="SetUp" finished-at="2024-02-01T15:25:19 IST" duration-ms="20" status="PASS">
          <reporter-output>
          </reporter-output>
        </test-method> <!-- SetUp -->
        <test-method signature="getAPITestWithoutHeaders()[pri:1, instance:com.qa.test.GetAPITest@67f639d3]" started-at="2024-02-01T15:25:19 IST" name="getAPITestWithoutHeaders" finished-at="2024-02-01T15:25:20 IST" duration-ms="1196" status="PASS">
          <reporter-output>
          </reporter-output>
        </test-method> <!-- getAPITestWithoutHeaders -->
        <test-method is-config="true" signature="SetUp()[pri:0, instance:com.qa.test.GetAPITest@67f639d3]" started-at="2024-02-01T15:25:20 IST" name="SetUp" finished-at="2024-02-01T15:25:20 IST" duration-ms="1" status="PASS">
          <reporter-output>
          </reporter-output>
        </test-method> <!-- SetUp -->
        <test-method signature="getAPITestWithHeaders()[pri:2, instance:com.qa.test.GetAPITest@67f639d3]" started-at="2024-02-01T15:25:20 IST" name="getAPITestWithHeaders" finished-at="2024-02-01T15:25:20 IST" duration-ms="125" status="PASS">
          <reporter-output>
          </reporter-output>
        </test-method> <!-- getAPITestWithHeaders -->
      </class> <!-- com.qa.test.GetAPITest -->
    </test> <!-- Default test -->
  </suite> <!-- Default suite -->
</testng-results>
